app/build/intermediates/manifest_merge_blame_file/release/manifest-merger-blame-release-report.txt
1<?xml version="1.0" encoding="utf-8"?>
2<manifest xmlns:android="http://schemas.android.com/apk/res/android"
3    package="com.fruitid"
4    android:versionCode="1"
5    android:versionName="1.0" >
6
7    <uses-sdk
8        android:minSdkVersion="29"
9        android:targetSdkVersion="34" />
10
11    <!-- Permissions -->
12    <uses-permission android:name="android.permission.INTERNET" />
12-->src/main/AndroidManifest.xml:6:5-67
12-->src/main/AndroidManifest.xml:6:22-64
13    <uses-permission android:name="android.permission.ACCESS_NETWORK_STATE" />
13-->src/main/AndroidManifest.xml:7:5-79
13-->src/main/AndroidManifest.xml:7:22-76
14    <uses-permission android:name="android.permission.CAMERA" />
14-->src/main/AndroidManifest.xml:8:5-65
14-->src/main/AndroidManifest.xml:8:22-62
15    <uses-permission
15-->src/main/AndroidManifest.xml:9:5-10:38
16        android:name="android.permission.WRITE_EXTERNAL_STORAGE"
16-->src/main/AndroidManifest.xml:9:22-78
17        android:maxSdkVersion="29" />
17-->src/main/AndroidManifest.xml:10:9-35
18    <uses-permission
18-->src/main/AndroidManifest.xml:11:5-12:38
19        android:name="android.permission.READ_EXTERNAL_STORAGE"
19-->src/main/AndroidManifest.xml:11:22-77
20        android:maxSdkVersion="32" />
20-->src/main/AndroidManifest.xml:12:9-35
21    <uses-permission android:name="android.permission.FOREGROUND_SERVICE" />
21-->src/main/AndroidManifest.xml:13:5-77
21-->src/main/AndroidManifest.xml:13:22-74
22    <uses-permission android:name="android.permission.FOREGROUND_SERVICE_DATA_SYNC" />
22-->src/main/AndroidManifest.xml:14:5-87
22-->src/main/AndroidManifest.xml:14:22-84
23    <uses-permission android:name="android.permission.POST_NOTIFICATIONS" />
23-->src/main/AndroidManifest.xml:15:5-77
23-->src/main/AndroidManifest.xml:15:22-74
24    <uses-permission android:name="android.permission.VIBRATE" />
24-->src/main/AndroidManifest.xml:16:5-66
24-->src/main/AndroidManifest.xml:16:22-63
25    <uses-permission android:name="android.permission.ACCESS_MEDIA_LOCATION" />
25-->src/main/AndroidManifest.xml:17:5-80
25-->src/main/AndroidManifest.xml:17:22-77
26
27    <!-- Camera feature requirement -->
28    <uses-feature
28-->src/main/AndroidManifest.xml:20:5-22:35
29        android:name="android.hardware.camera"
29-->src/main/AndroidManifest.xml:21:9-47
30        android:required="true" />
30-->src/main/AndroidManifest.xml:22:9-32
31    <uses-feature
31-->src/main/AndroidManifest.xml:23:5-25:36
32        android:name="android.hardware.camera.autofocus"
32-->src/main/AndroidManifest.xml:24:9-57
33        android:required="false" />
33-->src/main/AndroidManifest.xml:25:9-33
34
35    <uses-permission android:name="android.permission.WAKE_LOCK" />
35-->[androidx.work:work-runtime:2.9.0] AndroidManifest.xml:23:5-68
35-->[androidx.work:work-runtime:2.9.0] AndroidManifest.xml:23:22-65
36    <uses-permission android:name="android.permission.RECEIVE_BOOT_COMPLETED" />
36-->[androidx.work:work-runtime:2.9.0] AndroidManifest.xml:25:5-81
36-->[androidx.work:work-runtime:2.9.0] AndroidManifest.xml:25:22-78
37
38    <permission
38-->[androidx.core:core:1.12.0] AndroidManifest.xml:22:5-24:47
39        android:name="com.fruitid.DYNAMIC_RECEIVER_NOT_EXPORTED_PERMISSION"
39-->[androidx.core:core:1.12.0] AndroidManifest.xml:23:9-81
40        android:protectionLevel="signature" />
40-->[androidx.core:core:1.12.0] AndroidManifest.xml:24:9-44
41
42    <uses-permission android:name="com.fruitid.DYNAMIC_RECEIVER_NOT_EXPORTED_PERMISSION" />
42-->[androidx.core:core:1.12.0] AndroidManifest.xml:26:5-97
42-->[androidx.core:core:1.12.0] AndroidManifest.xml:26:22-94
43
44    <application
44-->src/main/AndroidManifest.xml:27:5-81:19
45        android:name="com.fruitid.FruitIdApplication"
45-->src/main/AndroidManifest.xml:28:9-43
46        android:allowBackup="true"
46-->src/main/AndroidManifest.xml:29:9-35
47        android:appComponentFactory="androidx.core.app.CoreComponentFactory"
47-->[androidx.core:core:1.12.0] AndroidManifest.xml:28:18-86
48        android:dataExtractionRules="@xml/data_extraction_rules"
48-->src/main/AndroidManifest.xml:30:9-65
49        android:extractNativeLibs="false"
50        android:fullBackupContent="@xml/backup_rules"
50-->src/main/AndroidManifest.xml:31:9-54
51        android:icon="@mipmap/ic_launcher"
51-->src/main/AndroidManifest.xml:32:9-43
52        android:label="@string/app_name"
52-->src/main/AndroidManifest.xml:33:9-41
53        android:largeHeap="true"
53-->src/main/AndroidManifest.xml:38:9-33
54        android:requestLegacyExternalStorage="true"
54-->src/main/AndroidManifest.xml:37:9-52
55        android:roundIcon="@mipmap/ic_launcher_round"
55-->src/main/AndroidManifest.xml:34:9-54
56        android:supportsRtl="true"
56-->src/main/AndroidManifest.xml:35:9-35
57        android:theme="@style/Theme.FruitIdentifier" >
57-->src/main/AndroidManifest.xml:36:9-53
58        <activity
58-->src/main/AndroidManifest.xml:41:9-51:20
59            android:name="com.fruitid.ui.MainActivity"
59-->src/main/AndroidManifest.xml:42:13-44
60            android:configChanges="orientation|screenSize|smallestScreenSize"
60-->src/main/AndroidManifest.xml:46:13-78
61            android:exported="true"
61-->src/main/AndroidManifest.xml:43:13-36
62            android:screenOrientation="portrait"
62-->src/main/AndroidManifest.xml:45:13-49
63            android:theme="@style/Theme.FruitIdentifier" >
63-->src/main/AndroidManifest.xml:44:13-57
64            <intent-filter>
64-->src/main/AndroidManifest.xml:47:13-50:29
65                <action android:name="android.intent.action.MAIN" />
65-->src/main/AndroidManifest.xml:48:17-69
65-->src/main/AndroidManifest.xml:48:25-66
66
67                <category android:name="android.intent.category.LAUNCHER" />
67-->src/main/AndroidManifest.xml:49:17-77
67-->src/main/AndroidManifest.xml:49:27-74
68            </intent-filter>
69        </activity>
70
71        <!-- WorkManager initialization -->
72        <provider
73            android:name="androidx.startup.InitializationProvider"
73-->src/main/AndroidManifest.xml:55:13-67
74            android:authorities="com.fruitid.androidx-startup"
74-->src/main/AndroidManifest.xml:56:13-68
75            android:exported="false" >
75-->src/main/AndroidManifest.xml:57:13-37
76            <meta-data
76-->src/main/AndroidManifest.xml:59:13-61:52
77                android:name="androidx.work.WorkManagerInitializer"
77-->src/main/AndroidManifest.xml:60:17-68
78                android:value="androidx.startup" />
78-->src/main/AndroidManifest.xml:61:17-49
79            <meta-data
79-->[androidx.emoji2:emoji2:1.3.0] AndroidManifest.xml:29:13-31:52
80                android:name="androidx.emoji2.text.EmojiCompatInitializer"
80-->[androidx.emoji2:emoji2:1.3.0] AndroidManifest.xml:30:17-75
81                android:value="androidx.startup" />
81-->[androidx.emoji2:emoji2:1.3.0] AndroidManifest.xml:31:17-49
82            <meta-data
82-->[androidx.lifecycle:lifecycle-process:2.7.0] AndroidManifest.xml:29:13-31:52
83                android:name="androidx.lifecycle.ProcessLifecycleInitializer"
83-->[androidx.lifecycle:lifecycle-process:2.7.0] AndroidManifest.xml:30:17-78
84                android:value="androidx.startup" />
84-->[androidx.lifecycle:lifecycle-process:2.7.0] AndroidManifest.xml:31:17-49
85            <meta-data
85-->[androidx.profileinstaller:profileinstaller:1.3.1] AndroidManifest.xml:29:13-31:52
86                android:name="androidx.profileinstaller.ProfileInstallerInitializer"
86-->[androidx.profileinstaller:profileinstaller:1.3.1] AndroidManifest.xml:30:17-85
87                android:value="androidx.startup" />
87-->[androidx.profileinstaller:profileinstaller:1.3.1] AndroidManifest.xml:31:17-49
88        </provider>
89
90        <!-- FileProvider for sharing files -->
91        <provider
92            android:name="androidx.core.content.FileProvider"
92-->src/main/AndroidManifest.xml:66:13-62
93            android:authorities="com.fruitid.fileprovider"
93-->src/main/AndroidManifest.xml:67:13-64
94            android:exported="false"
94-->src/main/AndroidManifest.xml:68:13-37
95            android:grantUriPermissions="true" >
95-->src/main/AndroidManifest.xml:69:13-47
96            <meta-data
96-->src/main/AndroidManifest.xml:70:13-72:54
97                android:name="android.support.FILE_PROVIDER_PATHS"
97-->src/main/AndroidManifest.xml:71:17-67
98                android:resource="@xml/file_paths" />
98-->src/main/AndroidManifest.xml:72:17-51
99        </provider>
100
101        <!-- Notification channel for download -->
102        <service
102-->src/main/AndroidManifest.xml:76:9-79:34
103            android:name="androidx.work.impl.foreground.SystemForegroundService"
103-->src/main/AndroidManifest.xml:77:13-81
104            android:directBootAware="false"
104-->[androidx.work:work-runtime:2.9.0] AndroidManifest.xml:55:13-44
105            android:enabled="@bool/enable_system_foreground_service_default"
105-->[androidx.work:work-runtime:2.9.0] AndroidManifest.xml:56:13-77
106            android:exported="false"
106-->[androidx.work:work-runtime:2.9.0] AndroidManifest.xml:57:13-37
107            android:foregroundServiceType="dataSync" />
107-->src/main/AndroidManifest.xml:78:13-53
108        <service
108-->[androidx.camera:camera-camera2:1.3.1] AndroidManifest.xml:24:9-33:19
109            android:name="androidx.camera.core.impl.MetadataHolderService"
109-->[androidx.camera:camera-camera2:1.3.1] AndroidManifest.xml:25:13-75
110            android:enabled="false"
110-->[androidx.camera:camera-camera2:1.3.1] AndroidManifest.xml:26:13-36
111            android:exported="false" >
111-->[androidx.camera:camera-camera2:1.3.1] AndroidManifest.xml:27:13-37
112            <meta-data
112-->[androidx.camera:camera-camera2:1.3.1] AndroidManifest.xml:30:13-32:89
113                android:name="androidx.camera.core.impl.MetadataHolderService.DEFAULT_CONFIG_PROVIDER"
113-->[androidx.camera:camera-camera2:1.3.1] AndroidManifest.xml:31:17-103
114                android:value="androidx.camera.camera2.Camera2Config$DefaultProvider" />
114-->[androidx.camera:camera-camera2:1.3.1] AndroidManifest.xml:32:17-86
115        </service>
116        <service
116-->[androidx.work:work-runtime:2.9.0] AndroidManifest.xml:39:9-45:35
117            android:name="androidx.work.impl.background.systemalarm.SystemAlarmService"
117-->[androidx.work:work-runtime:2.9.0] AndroidManifest.xml:40:13-88
118            android:directBootAware="false"
118-->[androidx.work:work-runtime:2.9.0] AndroidManifest.xml:41:13-44
119            android:enabled="@bool/enable_system_alarm_service_default"
119-->[androidx.work:work-runtime:2.9.0] AndroidManifest.xml:42:13-72
120            android:exported="false" />
120-->[androidx.work:work-runtime:2.9.0] AndroidManifest.xml:43:13-37
121        <service
121-->[androidx.work:work-runtime:2.9.0] AndroidManifest.xml:46:9-52:35
122            android:name="androidx.work.impl.background.systemjob.SystemJobService"
122-->[androidx.work:work-runtime:2.9.0] AndroidManifest.xml:47:13-84
123            android:directBootAware="false"
123-->[androidx.work:work-runtime:2.9.0] AndroidManifest.xml:48:13-44
124            android:enabled="@bool/enable_system_job_service_default"
124-->[androidx.work:work-runtime:2.9.0] AndroidManifest.xml:49:13-70
125            android:exported="true"
125-->[androidx.work:work-runtime:2.9.0] AndroidManifest.xml:50:13-36
126            android:permission="android.permission.BIND_JOB_SERVICE" />
126-->[androidx.work:work-runtime:2.9.0] AndroidManifest.xml:51:13-69
127
128        <receiver
128-->[androidx.work:work-runtime:2.9.0] AndroidManifest.xml:61:9-66:35
129            android:name="androidx.work.impl.utils.ForceStopRunnable$BroadcastReceiver"
129-->[androidx.work:work-runtime:2.9.0] AndroidManifest.xml:62:13-88
130            android:directBootAware="false"
130-->[androidx.work:work-runtime:2.9.0] AndroidManifest.xml:63:13-44
131            android:enabled="true"
131-->[androidx.work:work-runtime:2.9.0] AndroidManifest.xml:64:13-35
132            android:exported="false" />
132-->[androidx.work:work-runtime:2.9.0] AndroidManifest.xml:65:13-37
133        <receiver
133-->[androidx.work:work-runtime:2.9.0] AndroidManifest.xml:67:9-77:20
134            android:name="androidx.work.impl.background.systemalarm.ConstraintProxy$BatteryChargingProxy"
134-->[androidx.work:work-runtime:2.9.0] AndroidManifest.xml:68:13-106
135            android:directBootAware="false"
135-->[androidx.work:work-runtime:2.9.0] AndroidManifest.xml:69:13-44
136            android:enabled="false"
136-->[androidx.work:work-runtime:2.9.0] AndroidManifest.xml:70:13-36
137            android:exported="false" >
137-->[androidx.work:work-runtime:2.9.0] AndroidManifest.xml:71:13-37
138            <intent-filter>
138-->[androidx.work:work-runtime:2.9.0] AndroidManifest.xml:73:13-76:29
139                <action android:name="android.intent.action.ACTION_POWER_CONNECTED" />
139-->[androidx.work:work-runtime:2.9.0] AndroidManifest.xml:74:17-87
139-->[androidx.work:work-runtime:2.9.0] AndroidManifest.xml:74:25-84
140                <action android:name="android.intent.action.ACTION_POWER_DISCONNECTED" />
140-->[androidx.work:work-runtime:2.9.0] AndroidManifest.xml:75:17-90
140-->[androidx.work:work-runtime:2.9.0] AndroidManifest.xml:75:25-87
141            </intent-filter>
142        </receiver>
143        <receiver
143-->[androidx.work:work-runtime:2.9.0] AndroidManifest.xml:78:9-88:20
144            android:name="androidx.work.impl.background.systemalarm.ConstraintProxy$BatteryNotLowProxy"
144-->[androidx.work:work-runtime:2.9.0] AndroidManifest.xml:79:13-104
145            android:directBootAware="false"
145-->[androidx.work:work-runtime:2.9.0] AndroidManifest.xml:80:13-44
146            android:enabled="false"
146-->[androidx.work:work-runtime:2.9.0] AndroidManifest.xml:81:13-36
147            android:exported="false" >
147-->[androidx.work:work-runtime:2.9.0] AndroidManifest.xml:82:13-37
148            <intent-filter>
148-->[androidx.work:work-runtime:2.9.0] AndroidManifest.xml:84:13-87:29
149                <action android:name="android.intent.action.BATTERY_OKAY" />
149-->[androidx.work:work-runtime:2.9.0] AndroidManifest.xml:85:17-77
149-->[androidx.work:work-runtime:2.9.0] AndroidManifest.xml:85:25-74
150                <action android:name="android.intent.action.BATTERY_LOW" />
150-->[androidx.work:work-runtime:2.9.0] AndroidManifest.xml:86:17-76
150-->[androidx.work:work-runtime:2.9.0] AndroidManifest.xml:86:25-73
151            </intent-filter>
152        </receiver>
153        <receiver
153-->[androidx.work:work-runtime:2.9.0] AndroidManifest.xml:89:9-99:20
154            android:name="androidx.work.impl.background.systemalarm.ConstraintProxy$StorageNotLowProxy"
154-->[androidx.work:work-runtime:2.9.0] AndroidManifest.xml:90:13-104
155            android:directBootAware="false"
155-->[androidx.work:work-runtime:2.9.0] AndroidManifest.xml:91:13-44
156            android:enabled="false"
156-->[androidx.work:work-runtime:2.9.0] AndroidManifest.xml:92:13-36
157            android:exported="false" >
157-->[androidx.work:work-runtime:2.9.0] AndroidManifest.xml:93:13-37
158            <intent-filter>
158-->[androidx.work:work-runtime:2.9.0] AndroidManifest.xml:95:13-98:29
159                <action android:name="android.intent.action.DEVICE_STORAGE_LOW" />
159-->[androidx.work:work-runtime:2.9.0] AndroidManifest.xml:96:17-83
159-->[androidx.work:work-runtime:2.9.0] AndroidManifest.xml:96:25-80
160                <action android:name="android.intent.action.DEVICE_STORAGE_OK" />
160-->[androidx.work:work-runtime:2.9.0] AndroidManifest.xml:97:17-82
160-->[androidx.work:work-runtime:2.9.0] AndroidManifest.xml:97:25-79
161            </intent-filter>
162        </receiver>
163        <receiver
163-->[androidx.work:work-runtime:2.9.0] AndroidManifest.xml:100:9-109:20
164            android:name="androidx.work.impl.background.systemalarm.ConstraintProxy$NetworkStateProxy"
164-->[androidx.work:work-runtime:2.9.0] AndroidManifest.xml:101:13-103
165            android:directBootAware="false"
165-->[androidx.work:work-runtime:2.9.0] AndroidManifest.xml:102:13-44
166            android:enabled="false"
166-->[androidx.work:work-runtime:2.9.0] AndroidManifest.xml:103:13-36
167            android:exported="false" >
167-->[androidx.work:work-runtime:2.9.0] AndroidManifest.xml:104:13-37
168            <intent-filter>
168-->[androidx.work:work-runtime:2.9.0] AndroidManifest.xml:106:13-108:29
169                <action android:name="android.net.conn.CONNECTIVITY_CHANGE" />
169-->[androidx.work:work-runtime:2.9.0] AndroidManifest.xml:107:17-79
169-->[androidx.work:work-runtime:2.9.0] AndroidManifest.xml:107:25-76
170            </intent-filter>
171        </receiver>
172        <receiver
172-->[androidx.work:work-runtime:2.9.0] AndroidManifest.xml:110:9-121:20
173            android:name="androidx.work.impl.background.systemalarm.RescheduleReceiver"
173-->[androidx.work:work-runtime:2.9.0] AndroidManifest.xml:111:13-88
174            android:directBootAware="false"
174-->[androidx.work:work-runtime:2.9.0] AndroidManifest.xml:112:13-44
175            android:enabled="false"
175-->[androidx.work:work-runtime:2.9.0] AndroidManifest.xml:113:13-36
176            android:exported="false" >
176-->[androidx.work:work-runtime:2.9.0] AndroidManifest.xml:114:13-37
177            <intent-filter>
177-->[androidx.work:work-runtime:2.9.0] AndroidManifest.xml:116:13-120:29
178                <action android:name="android.intent.action.BOOT_COMPLETED" />
178-->[androidx.work:work-runtime:2.9.0] AndroidManifest.xml:117:17-79
178-->[androidx.work:work-runtime:2.9.0] AndroidManifest.xml:117:25-76
179                <action android:name="android.intent.action.TIME_SET" />
179-->[androidx.work:work-runtime:2.9.0] AndroidManifest.xml:118:17-73
179-->[androidx.work:work-runtime:2.9.0] AndroidManifest.xml:118:25-70
180                <action android:name="android.intent.action.TIMEZONE_CHANGED" />
180-->[androidx.work:work-runtime:2.9.0] AndroidManifest.xml:119:17-81
180-->[androidx.work:work-runtime:2.9.0] AndroidManifest.xml:119:25-78
181            </intent-filter>
182        </receiver>
183        <receiver
183-->[androidx.work:work-runtime:2.9.0] AndroidManifest.xml:122:9-131:20
184            android:name="androidx.work.impl.background.systemalarm.ConstraintProxyUpdateReceiver"
184-->[androidx.work:work-runtime:2.9.0] AndroidManifest.xml:123:13-99
185            android:directBootAware="false"
185-->[androidx.work:work-runtime:2.9.0] AndroidManifest.xml:124:13-44
186            android:enabled="@bool/enable_system_alarm_service_default"
186-->[androidx.work:work-runtime:2.9.0] AndroidManifest.xml:125:13-72
187            android:exported="false" >
187-->[androidx.work:work-runtime:2.9.0] AndroidManifest.xml:126:13-37
188            <intent-filter>
188-->[androidx.work:work-runtime:2.9.0] AndroidManifest.xml:128:13-130:29
189                <action android:name="androidx.work.impl.background.systemalarm.UpdateProxies" />
189-->[androidx.work:work-runtime:2.9.0] AndroidManifest.xml:129:17-98
189-->[androidx.work:work-runtime:2.9.0] AndroidManifest.xml:129:25-95
190            </intent-filter>
191        </receiver>
192        <receiver
192-->[androidx.work:work-runtime:2.9.0] AndroidManifest.xml:132:9-142:20
193            android:name="androidx.work.impl.diagnostics.DiagnosticsReceiver"
193-->[androidx.work:work-runtime:2.9.0] AndroidManifest.xml:133:13-78
194            android:directBootAware="false"
194-->[androidx.work:work-runtime:2.9.0] AndroidManifest.xml:134:13-44
195            android:enabled="true"
195-->[androidx.work:work-runtime:2.9.0] AndroidManifest.xml:135:13-35
196            android:exported="true"
196-->[androidx.work:work-runtime:2.9.0] AndroidManifest.xml:136:13-36
197            android:permission="android.permission.DUMP" >
197-->[androidx.work:work-runtime:2.9.0] AndroidManifest.xml:137:13-57
198            <intent-filter>
198-->[androidx.work:work-runtime:2.9.0] AndroidManifest.xml:139:13-141:29
199                <action android:name="androidx.work.diagnostics.REQUEST_DIAGNOSTICS" />
199-->[androidx.work:work-runtime:2.9.0] AndroidManifest.xml:140:17-88
199-->[androidx.work:work-runtime:2.9.0] AndroidManifest.xml:140:25-85
200            </intent-filter>
201        </receiver>
202
203        <service
203-->[androidx.room:room-runtime:2.6.1] AndroidManifest.xml:24:9-28:63
204            android:name="androidx.room.MultiInstanceInvalidationService"
204-->[androidx.room:room-runtime:2.6.1] AndroidManifest.xml:25:13-74
205            android:directBootAware="true"
205-->[androidx.room:room-runtime:2.6.1] AndroidManifest.xml:26:13-43
206            android:exported="false" />
206-->[androidx.room:room-runtime:2.6.1] AndroidManifest.xml:27:13-37
207
208        <receiver
208-->[androidx.profileinstaller:profileinstaller:1.3.1] AndroidManifest.xml:34:9-52:20
209            android:name="androidx.profileinstaller.ProfileInstallReceiver"
209-->[androidx.profileinstaller:profileinstaller:1.3.1] AndroidManifest.xml:35:13-76
210            android:directBootAware="false"
210-->[androidx.profileinstaller:profileinstaller:1.3.1] AndroidManifest.xml:36:13-44
211            android:enabled="true"
211-->[androidx.profileinstaller:profileinstaller:1.3.1] AndroidManifest.xml:37:13-35
212            android:exported="true"
212-->[androidx.profileinstaller:profileinstaller:1.3.1] AndroidManifest.xml:38:13-36
213            android:permission="android.permission.DUMP" >
213-->[androidx.profileinstaller:profileinstaller:1.3.1] AndroidManifest.xml:39:13-57
214            <intent-filter>
214-->[androidx.profileinstaller:profileinstaller:1.3.1] AndroidManifest.xml:40:13-42:29
215                <action android:name="androidx.profileinstaller.action.INSTALL_PROFILE" />
215-->[androidx.profileinstaller:profileinstaller:1.3.1] AndroidManifest.xml:41:17-91
215-->[androidx.profileinstaller:profileinstaller:1.3.1] AndroidManifest.xml:41:25-88
216            </intent-filter>
217            <intent-filter>
217-->[androidx.profileinstaller:profileinstaller:1.3.1] AndroidManifest.xml:43:13-45:29
218                <action android:name="androidx.profileinstaller.action.SKIP_FILE" />
218-->[androidx.profileinstaller:profileinstaller:1.3.1] AndroidManifest.xml:44:17-85
218-->[androidx.profileinstaller:profileinstaller:1.3.1] AndroidManifest.xml:44:25-82
219            </intent-filter>
220            <intent-filter>
220-->[androidx.profileinstaller:profileinstaller:1.3.1] AndroidManifest.xml:46:13-48:29
221                <action android:name="androidx.profileinstaller.action.SAVE_PROFILE" />
221-->[androidx.profileinstaller:profileinstaller:1.3.1] AndroidManifest.xml:47:17-88
221-->[androidx.profileinstaller:profileinstaller:1.3.1] AndroidManifest.xml:47:25-85
222            </intent-filter>
223            <intent-filter>
223-->[androidx.profileinstaller:profileinstaller:1.3.1] AndroidManifest.xml:49:13-51:29
224                <action android:name="androidx.profileinstaller.action.BENCHMARK_OPERATION" />
224-->[androidx.profileinstaller:profileinstaller:1.3.1] AndroidManifest.xml:50:17-95
224-->[androidx.profileinstaller:profileinstaller:1.3.1] AndroidManifest.xml:50:25-92
225            </intent-filter>
226        </receiver>
227
228        <meta-data
228-->[com.google.android.gms:play-services-basement:16.0.1] AndroidManifest.xml:23:9-25:69
229            android:name="com.google.android.gms.version"
229-->[com.google.android.gms:play-services-basement:16.0.1] AndroidManifest.xml:24:13-58
230            android:value="@integer/google_play_services_version" />
230-->[com.google.android.gms:play-services-basement:16.0.1] AndroidManifest.xml:25:13-66
231    </application>
232
233</manifest>